\BOOKMARK [1][-]{section.1}{Introduction}{}% 1
\BOOKMARK [1][-]{section.2}{Why reference architectures?}{}% 2
\BOOKMARK [1][-]{section.3}{Reference Architectures State of the art}{}% 3
\BOOKMARK [1][-]{section.4}{Objective of the study}{}% 4
\BOOKMARK [1][-]{section.5}{Review Methodology:}{}% 5
\BOOKMARK [2][-]{subsection.5.1}{Identification}{section.5}% 6
\BOOKMARK [2][-]{subsection.5.2}{Screening and Eligibility}{section.5}% 7
\BOOKMARK [2][-]{subsection.5.3}{Data Extraction and Synthesis}{section.5}% 8
\BOOKMARK [1][-]{section.6}{Findings}{}% 9
\BOOKMARK [2][-]{subsection.6.1}{What are the fundamental concepts of RAs?}{section.6}% 10
\BOOKMARK [1][-]{section.7}{How can RAs help BD system development? }{}% 11
\BOOKMARK [1][-]{section.8}{What are some common approaches to creating BD RAs?}{}% 12
\BOOKMARK [1][-]{section.9}{Challenges of creating BD RAs}{}% 13
\BOOKMARK [1][-]{section.10}{What are current BD RAs available in academia and industry?}{}% 14
\BOOKMARK [1][-]{section.11}{What are major architectural components of BD RAs? }{}% 15
\BOOKMARK [2][-]{subsection.11.1}{BD Management and Storage}{section.11}% 16
\BOOKMARK [2][-]{subsection.11.2}{Data Processing and Application Interfaces}{section.11}% 17
\BOOKMARK [2][-]{subsection.11.3}{BD Infrastructure}{section.11}% 18
\BOOKMARK [1][-]{section.12}{What are the limitations of current BD RAs?}{}% 19
\BOOKMARK [1][-]{section.13}{Discussion}{}% 20
\BOOKMARK [1][-]{section.14}{Threats to Validity}{}% 21
\BOOKMARK [1][-]{section.15}{Conclusion}{}% 22
\BOOKMARK [1][-]{section*.1}{REFERENCES}{}% 23
\BOOKMARK [2][-]{section*.2}{Pouya Ataei}{section*.1}% 24
\BOOKMARK [2][-]{section*.2}{Alan Litchfield}{section*.1}% 25
